<?xml version="1.0" encoding="UTF-8"?>
<testng-results ignored="0" total="1" passed="1" failed="0" skipped="0">
  <reporter-output>
  </reporter-output>
  <suite started-at="2023-08-03T17:42:20 IST" name="Default suite" finished-at="2023-08-03T17:42:41 IST" duration-ms="20831">
    <groups>
    </groups>
    <test started-at="2023-08-03T17:42:20 IST" name="Default test" finished-at="2023-08-03T17:42:41 IST" duration-ms="20831">
      <class name="com.rgt.runner.WebTest">
        <test-method signature="runner()[pri:0, instance:com.rgt.runner.WebTest@3cd3e762]" started-at="2023-08-03T17:42:20 IST" name="runner" finished-at="2023-08-03T17:42:41 IST" duration-ms="20766" status="PASS">
          <reporter-output>
          </reporter-output>
        </test-method> <!-- runner -->
      </class> <!-- com.rgt.runner.WebTest -->
    </test> <!-- Default test -->
  </suite> <!-- Default suite -->
</testng-results>
