<?xml version="1.0" encoding="UTF-8"?>
<testng-results ignored="0" total="1" passed="1" failed="0" skipped="0">
  <reporter-output>
  </reporter-output>
  <suite started-at="2023-04-27T09:22:53 IST" name="Default suite" finished-at="2023-04-27T09:25:29 IST" duration-ms="156255">
    <groups>
    </groups>
    <test started-at="2023-04-27T09:22:53 IST" name="Default test" finished-at="2023-04-27T09:25:29 IST" duration-ms="156255">
      <class name="com.rgt.runner.WebTest">
        <test-method signature="test()[pri:0, instance:com.rgt.runner.WebTest@6babf3bf]" started-at="2023-04-27T09:22:53 IST" name="test" finished-at="2023-04-27T09:25:29 IST" duration-ms="156216" status="PASS">
          <reporter-output>
          </reporter-output>
        </test-method> <!-- test -->
      </class> <!-- com.rgt.runner.WebTest -->
    </test> <!-- Default test -->
  </suite> <!-- Default suite -->
</testng-results>
