<?xml version="1.0" encoding="UTF-8"?>
<testng-results ignored="0" total="1" passed="1" failed="0" skipped="0">
  <reporter-output>
  </reporter-output>
  <suite started-at="2023-09-22T17:04:38 IST" name="Default suite" finished-at="2023-09-22T17:05:04 IST" duration-ms="25655">
    <groups>
    </groups>
    <test started-at="2023-09-22T17:04:38 IST" name="Default test" finished-at="2023-09-22T17:05:04 IST" duration-ms="25655">
      <class name="com.rgt.runner.WebTest">
        <test-method signature="runner()[pri:0, instance:com.rgt.runner.WebTest@6f03482]" started-at="2023-09-22T17:04:38 IST" name="runner" finished-at="2023-09-22T17:05:04 IST" duration-ms="25604" status="PASS">
          <reporter-output>
          </reporter-output>
        </test-method> <!-- runner -->
      </class> <!-- com.rgt.runner.WebTest -->
    </test> <!-- Default test -->
  </suite> <!-- Default suite -->
</testng-results>
